BILL.billid  BILL.iid  BILL.amount  BILL.remarks  CARTDETAILS.iid  CARTDETAILS.cartid  CARTDETAILS.qty  CARTDETAILS.remarks  CART.cartid  CART.cid  CART.status  CART.remarks  CUSTOMER.cid  CUSTOMER.sex  CUSTOMER.firstname  CUSTOMER.lastname  CUSTOMER.Address  
73	164	213	newjarpqfblgffdfvlfldbwhjxreglkczbzfnynhycyn	164	117	0	bbmmjjlqehkqvojgygufqrfzjfjjrkpwyfgvjjjiqkwv	117	11062	aiphmbyq	kekfqrgzmfbfvqawoponhlwfldhihojypawzps	11062	1	zerxuvatjb	oceovpzwnw	oxqnuznhqrgedmgqwsfkpvumjf	
186	164	1510	hohbdjbhlexewiyeanfpnxickhsordfuutiikejiitor	164	117	0	bbmmjjlqehkqvojgygufqrfzjfjjrkpwyfgvjjjiqkwv	117	11062	aiphmbyq	kekfqrgzmfbfvqawoponhlwfldhihojypawzps	11062	1	zerxuvatjb	oceovpzwnw	oxqnuznhqrgedmgqwsfkpvumjf	
93	22	287	sfyzujxxgsqceifzbmbfdzqugpvndcuoumtpqrgtjojs	22	107	3	bkdpwxurcihxtuvrcbhujyqcnkoceblejfywzyibfuyl	107	6710	zoqvhiia	ybfboihtqwhqczesgbxtnwrocghpktdnpqlinl	6710	0	ssilfhwazg	jmmyuzswyw	mileyviyjokemfkxhltmzxlwwk	
177	171	1549	zilorqhlmpadwqjwgieinyeyzjnlttciobhjuiahdvty	171	93	15	cznfqtwslldagqjaxlqnbrcqzikmqayfpxkzaxqrvzca	93	14148	rwtotgbs	dzlsarebtbngrawfyniayawvdlfacbkpqjlzxf	14148	0	gffbrstyzw	rqsykjgxto	hojuxjcabwithhkrsnjyjfgrby	
52	87	1024	uurhlskowpszmaepgjuclqkiafjakjheyyxveagiuoha	87	176	23	hcumsofktklinbmzmnkgjqhvelcmsgtphhlmrqwnoyfo	176	3518	qfjlszpz	nlhnwxjagwxzmrwulyxfqgtndpdhisrrxaudcg	3518	0	ofllucnygu	yprhmkhifr	hwgsvaerhuafiqdcgfngcthqpx	
182	183	1387	kiccauooryzaorgdxyujzfxsmojgbycumwcsfrvddmbg	183	96	7	fxtxlgexvlfakkvxtvffutsfbfxlulvernrxaflgogol	96	5610	owhmtkdx	kiawyraxzjcsvajiujrllzvlwyrkgydzprkrxb	5610	0	lkqzfdlhrv	smpsrefdwf	jhzdibcrwmfpyypklypenzrnog	
23	183	605	qcrqtnetyyzywkbqjliryyevprxoekyifqqghuojofvx	183	96	7	fxtxlgexvlfakkvxtvffutsfbfxlulvernrxaflgogol	96	5610	owhmtkdx	kiawyraxzjcsvajiujrllzvlwyrkgydzprkrxb	5610	0	lkqzfdlhrv	smpsrefdwf	jhzdibcrwmfpyypklypenzrnog	
124	87	312	pdoaywzkvohntapjiunslvwbaiedaztrzojwqeedolgs	87	176	23	hcumsofktklinbmzmnkgjqhvelcmsgtphhlmrqwnoyfo	176	3518	qfjlszpz	nlhnwxjagwxzmrwulyxfqgtndpdhisrrxaudcg	3518	0	ofllucnygu	yprhmkhifr	hwgsvaerhuafiqdcgfngcthqpx	
147	189	1964	xaabivhlvxjespxpzjmtjctpywbhiluplnvgiizcikre	189	60	7	xcacpzpufjvqltewpqiullcfoxotemhntsxogtkuwddk	60	2962	bonjebzy	wmavsykaxvavngllgpathvselniaachkwggmjr	2962	1	ofstmbxgil	pscboyoojf	kmciezqbwmvrinotmozdsjapjn	
94	125	1897	spcuqcgmbtazszocsrerwyhmbszbmphtmwsltinvgtas	125	108	42	stgvcynbxsyptzigxrizgpzybnqayudhyhirhwjcdgsj	108	9877	vcjkgwip	hxqgozeocfhhfyljdebavpfeqosigdkoxszodw	9877	0	azsewpyyvk	tumkyzvtbt	pyvkblkcydgclcrhxhsdxtchmm	
26	56	2234	fimozhcdikqwgallcaedloxrddrncyznkfxogyyjtwil	56	65	8	dswczxnymjnpfyclvauirsvpnqnhezcqmahkeqwqutgi	65	3074	jnsxsxww	viaifvqcegcwvdjsrdufzsxohaldkzgjgtuejx	3074	0	qnnubfupel	bmfxghbjhu	ufkuvbrmstwpyvgnjgmibzefnm	
131	129	959	qmyxiqldlrjfpsfzkaqfdwuzbqnezfaepmvuwwloqdkz	129	48	9	euovqdsfvdvmihkmkfhgglspsgifaztkhapsmpotoynr	48	6217	ofqfpkur	peazlalijvgizhyjnpgweaqjwofsurskmirelk	6217	0	nmjqpozpxz	yrlocsruru	ewhnbvbcfpwqjdnsiwzfbpuqds	
36	133	1130	ixuckpgbphlkpmxqmdmfacmeohtodezzqqepwohicifi	133	48	35	mszrvjoqncotixbzwgqvkxawtgxynzbzigzaqmqhqajh	48	6217	ofqfpkur	peazlalijvgizhyjnpgweaqjwofsurskmirelk	6217	0	nmjqpozpxz	yrlocsruru	ewhnbvbcfpwqjdnsiwzfbpuqds	
109	129	122	pvepdjmxqaohaophodpbliueguegjqnbqcdlradegxhk	129	48	9	euovqdsfvdvmihkmkfhgglspsgifaztkhapsmpotoynr	48	6217	ofqfpkur	peazlalijvgizhyjnpgweaqjwofsurskmirelk	6217	0	nmjqpozpxz	yrlocsruru	ewhnbvbcfpwqjdnsiwzfbpuqds	
110	2	1921	cshtrpefvlkqwhotonvtlqtgmddezprwjulblbnfbaxk	2	196	7	kjxfgewxwfppiwqojsddrsxbxrtmfkaebazfwoctiqhk	196	11231	lldmhjcf	exxwcjiplwwvwegtcifcorqyicftbzjxnuwyqp	11231	0	ekvqlxpcfw	ocnrzlwqml	ogkxqkkmrrpkaogytrdjcrxjaa	
102	186	1467	kssexcpbdkdvoyjqyjdgcbzywhmppyyhvgjtghblbwrq	186	186	27	xzekrmisiethovulsioxzvvbyxewmmoxhofmvfylrvsr	186	10196	oeijvybf	rlpnikojsdpqbmmqsblzvibkqopirjwnrconrb	10196	1	zfqyxxjogm	xudkdkeygc	rxrzzpijjydpawzvhivrheizgf	
172	186	862	zoxobjfpaxzdbtpstexkkqrztwqzsurvmyguiurtiwfm	186	186	27	xzekrmisiethovulsioxzvvbyxewmmoxhofmvfylrvsr	186	10196	oeijvybf	rlpnikojsdpqbmmqsblzvibkqopirjwnrconrb	10196	1	zfqyxxjogm	xudkdkeygc	rxrzzpijjydpawzvhivrheizgf	
115	118	132	gikoxawfgvqfpovayikhnwrepbfxtsjdwjsmhxmpewjx	118	16	22	dlvtjlyuxclglhpoymryahjmqblvfkziupwoinhbdsfb	16	14062	snkqomao	smakkiwvojukynpdhiycbpztbexgyfhiecmhoc	14062	1	mfogvdhqpo	vbralmlncp	vejolisxrkjmbaizrchufpjgkf	
163	191	1462	dqfyitbpxdimxsrtcnlsrsacyyylaoeolxylokbtdcbl	191	18	19	njrbjgbscaxwzalfdgwwilazjqgqlyhyxcwemmkijfke	18	14604	agctpcxm	sxyorpfqrlnfomymxfftqgbjkfgieobxwtwchs	14604	1	htgrsgdukn	wvlnzmjwvy	ehuwopkpblkzalgyqcaaolkxrh	
99	191	615	nodgcazfrvvqfkismmsfvukxinebrpaeweyzcaelyaqc	191	18	19	njrbjgbscaxwzalfdgwwilazjqgqlyhyxcwemmkijfke	18	14604	agctpcxm	sxyorpfqrlnfomymxfftqgbjkfgieobxwtwchs	14604	1	htgrsgdukn	wvlnzmjwvy	ehuwopkpblkzalgyqcaaolkxrh	
170	191	2395	irnvdyymzcfsslvfrnzamtzmwhwbthxlhmdueutkapil	191	18	19	njrbjgbscaxwzalfdgwwilazjqgqlyhyxcwemmkijfke	18	14604	agctpcxm	sxyorpfqrlnfomymxfftqgbjkfgieobxwtwchs	14604	1	htgrsgdukn	wvlnzmjwvy	ehuwopkpblkzalgyqcaaolkxrh	
190	191	1784	tfluoigmoaqsmprpcgorkzwwqovypxlslusuvktehisp	191	18	19	njrbjgbscaxwzalfdgwwilazjqgqlyhyxcwemmkijfke	18	14604	agctpcxm	sxyorpfqrlnfomymxfftqgbjkfgieobxwtwchs	14604	1	htgrsgdukn	wvlnzmjwvy	ehuwopkpblkzalgyqcaaolkxrh	
9	143	58	znenwkexjjtcqhnicbdalficoimmvvpefoopsecstevn	143	52	1	hvsboirrobepzzrhssuuniskniiudnovzhwmdaostxow	52	5834	bpidaind	jorpqydahlwsnegprbtpurbrqdlecjkzgsglib	5834	0	qtbigrtivj	gnstapslnj	xbrpfdjvoroogfywjgincwckmr	
168	143	1982	plthwglbyzsqkwqcaxuijxmqjooqsritrvlwhcjhfliq	143	52	1	hvsboirrobepzzrhssuuniskniiudnovzhwmdaostxow	52	5834	bpidaind	jorpqydahlwsnegprbtpurbrqdlecjkzgsglib	5834	0	qtbigrtivj	gnstapslnj	xbrpfdjvoroogfywjgincwckmr	
104	16	2087	zsobaqveqbubuphbgdfjzvsxhotnaewqecjgmhksegot	16	162	43	ijdfjfngljxaebhzxhvlqbfbsnncjxutebwbljofqtno	162	7102	pqgwesir	ftcybtkdpjjhnlhxofgykddhulwzwrjpfopzoy	7102	1	qbberbzjje	mfwaxucjpo	rkwsyfjksfzdervfebvhxsceag	
191	46	506	jesclwnadkircaslribkbpsauuyxtyalqcfvvvkkacdv	46	52	41	toauuxinwdcgcztyvzhdisxrkghmyentmdwdkyzmtvlc	52	5834	bpidaind	jorpqydahlwsnegprbtpurbrqdlecjkzgsglib	5834	0	qtbigrtivj	gnstapslnj	xbrpfdjvoroogfywjgincwckmr	
86	93	1711	bacocguquzvsygpkywjlbztuduwdexzwdewsnwylyhvu	93	110	49	ehmgqeyjpupnepagfbgteuryuasxkjssjoeiemsmtucf	110	3032	wdezgkgo	xeflwxmyezufpkhuwpeqjyrrydyrzlqywxksqw	3032	1	iygropslko	petdfoaksq	jpgszzoaijfiifpeewzowbpook	
100	26	916	djzwuwcwncfmjdyhjfsglsjrtmauqhwlkpmwlkhbqodf	26	199	27	vusfmnlfgvueuzuowgumaijjglsbfgwysygplrixncdb	199	2758	hvbfapeh	opltyexdxvnxbnnrkwpuaqomstscqjlnhfzqpc	2758	1	fltggewhzr	oaogldguhg	ewgedqdetirqfpicttttuzuxbp	
5	26	603	runwdyedymcqntznxleflfyyzhfvltfqclpnjorhlaei	26	199	27	vusfmnlfgvueuzuowgumaijjglsbfgwysygplrixncdb	199	2758	hvbfapeh	opltyexdxvnxbnnrkwpuaqomstscqjlnhfzqpc	2758	1	fltggewhzr	oaogldguhg	ewgedqdetirqfpicttttuzuxbp	
57	134	241	ghynboxuzgxhobdsuxpvghsoyibanofmpaboernjyiez	134	91	49	rcafhbqjihxdokukxrcgtkmozooxddrfowkfiyxxsvea	91	6333	lxpjsdxw	hcgdaiblheiulhwsnvcbwzauakqznnaxhqqtfh	6333	1	fmhdglkncu	dtwnfafoox	ckrhvmjbrademggewvnxsmatpd	
18	135	626	faqqodtyyleieknxigyiqzvxakedkstwqabhsqnuabcn	135	5	26	wxikamhkuamlmskpexgtmumyignknuxfnndxvadpztze	5	9410	vhkuhpcs	hiolgwvrquupalvlywcxvftzjxnlplwfcanhjp	9410	1	zzjfkfjwib	hcxzoyubuu	qvncnavcwlmajgddzdqnvkakjf	
98	134	731	vyywjtmnkennacohmevasrlgoovulfexzmcnkwdxohte	134	91	49	rcafhbqjihxdokukxrcgtkmozooxddrfowkfiyxxsvea	91	6333	lxpjsdxw	hcgdaiblheiulhwsnvcbwzauakqznnaxhqqtfh	6333	1	fmhdglkncu	dtwnfafoox	ckrhvmjbrademggewvnxsmatpd	
179	128	218	elgwlfuawjqrvsokhrornastgiutjboapxzrtsdcetwa	128	127	7	yevsohxtbjrmiskaluvvbtkziegremmuqhijoroncvkb	127	7383	jupdpkqo	osaubnghbmctalazcukwfsdgscuiepnulqdvif	7383	1	oorlvlpezt	asbvwopfpm	izwsijgfawxjrotjohvrynizxs	
112	27	1130	vftanydxalgrhyggisjiljmcbnembqpftktocrfcufxc	27	175	26	ckchbtulyoorwfuiekfprbjgejjrwlnizkyfuroxrgky	175	1866	kblwrabi	gtbgnafzalikvdpictbnbebycldhgtuzxplrvp	1866	0	slsrztvaml	ehktnfowjs	yepvemnapfxkzrayenwrnvpnfv	
193	128	881	csvsberkxamsfruzawukyuqqxvoewglrcjxrnbrtufhe	128	127	7	yevsohxtbjrmiskaluvvbtkziegremmuqhijoroncvkb	127	7383	jupdpkqo	osaubnghbmctalazcukwfsdgscuiepnulqdvif	7383	1	oorlvlpezt	asbvwopfpm	izwsijgfawxjrotjohvrynizxs	
153	131	1647	zskwxuxedivubfwkpboglielsngzwxbkmxbxoykbvfrw	131	51	17	evxkrxeuwaqbodzpfmyjdxmrljgiioykuwcknhlimfms	51	3298	gcbukyfg	rsjyxunphoenjgrvetqynuuxgzuagfksqcolzg	3298	0	snsvhhwcht	xbuqcqpfcm	ssgaxgjoyfdgcbvonellrcylpx	
135	174	230	jjcdhcekvwfgkzzszomkolrcbmfweiycfsykhlnawway	174	157	11	jdojuakwctfnfucctuwraevzrhwlcwcldblucrejfsyz	157	9991	bohwtnge	joxhbrrqeobdykvoaqqnqkqttrqvgzibjhgpai	9991	0	nfchebctjq	bgnolaalri	dvibumvkoiepbmrsvzzlfrbksa	
126	38	1446	aberawtjwmuhijkmfuwofjrvkawisxwnmhgpspclwkpx	38	119	25	rouzuuvwhcdvdakidgsqocrltttdxunaqojhogxtlpal	119	3739	ihmtngdw	sevwwplwgmqecqymccfrigayjivezeasgrkdmw	3739	0	pvsqxbldwk	jngasxgxjd	qiiszvlzeirtfelsdvoipgevbf	
133	117	141	wrtaypnqwoqcdphowgoxwoqgonnrewibaoqjiojbommj	117	198	1	meyifsoujdjxakpljqdkuzzatwdxxiricgwftfceqhnt	198	12864	cqkddgav	discnbvxfjlmypvhcbbhbboyjwggpmmgepqvgm	12864	1	zrwrknbnfk	myrrnptzlw	kjctsyvswhgrmmlcddiqvjrepm	
74	28	1171	vmslgdplewrusflwaizlztccifyewerqbhvnxqpcdplj	28	198	20	jyytcvudtjleziuhrqnowevmvyrwqbomtvecdjfkwhzl	198	12864	cqkddgav	discnbvxfjlmypvhcbbhbboyjwggpmmgepqvgm	12864	1	zrwrknbnfk	myrrnptzlw	kjctsyvswhgrmmlcddiqvjrepm	
53	104	864	nffcsgphoeegbgxpyhvpavfdwzrbftaypbwpoaawoyvr	104	36	28	nxzjaovylbsgnojxomvnzvvdbrxvlgwlvlyvnromzycf	36	6543	xotbzzev	dbxbdefocgnrjxwmvahtvcnphjixavtuilifeh	6543	0	wzegpdjktx	jdwkqcfvlu	fykgldlmeihekqbftovctqtjdt	
144	132	718	kyqwneouxhgkyllcgopoyfdwusmdfeopiumwfpgtmjqj	132	40	25	zckibdvyijwilozigvclgbguvidqltglvmqkfklpqtuy	40	12859	olrgnxsg	wnykewmuuqovxoxgmavoqdbyhebtqwvsohqevh	12859	0	qmmdjopsox	xhfdhqxzaf	bhgsvejeafeubecvqkotqadkqt	
137	99	24	cmradpuzmnrqixmlevbmygrotwhknszqovjnjsqwrtqs	99	148	36	bnrhvxgdhkgkuweokzrhomiqajtntcvsocikriocxmxw	148	12465	jouglpzf	zbtoxbhxzsbrgozxhwewmlbisjwdhllnquipls	12465	0	nrixexwcxk	rlmmlfzwkg	qzccoupggkostbwxkvwnohihsl	
161	132	2328	picvxfzlblisiqwhdgrmsdtdmzgxokdvdwkzgbbdwfoj	132	40	25	zckibdvyijwilozigvclgbguvidqltglvmqkfklpqtuy	40	12859	olrgnxsg	wnykewmuuqovxoxgmavoqdbyhebtqwvsohqevh	12859	0	qmmdjopsox	xhfdhqxzaf	bhgsvejeafeubecvqkotqadkqt	
19	99	1723	iejwqhcyubcrafccanqirzqvtyissfrooxrdgkkzzsrs	99	148	36	bnrhvxgdhkgkuweokzrhomiqajtntcvsocikriocxmxw	148	12465	jouglpzf	zbtoxbhxzsbrgozxhwewmlbisjwdhllnquipls	12465	0	nrixexwcxk	rlmmlfzwkg	qzccoupggkostbwxkvwnohihsl	
196	136	1341	dasqatjzooyplrcmdvpthdodmcuhpxmcscyysptyuefd	136	21	4	xszicsiojbgcgnwdkgdwnqhqllgurwrrepbwwrzyzlbg	21	13023	gtplufqu	ogycfzvjapufbyhxzjlnrofonopfxiydkexrnq	13023	1	fmqqqcopqw	ubwbyrdjvj	hkvzfnjccawoqujkdaqhwztang	
69	29	1562	xmpyqtqryzffczbfjyzmfsqcjkvytggreugpqjccbnzb	29	129	9	lqtoiqnesswxwvsjiplmgsenhshstxluxlfogwcrvblt	129	1762	ugugijku	udwbmwjzqikhhvapkxmrlirfeyhvetjgzsoxbn	1762	1	hgtzwlvwvc	wmcfbjvbdb	ekmmpzijdbnogchgrkcddtvhfo	
138	175	1002	vdkpjwsclejokbkjcdpyihcniygxtcaqlfxtyjzgaqvj	175	1	20	jxrjvicfsfewtqkrgdssorbylsfmnemnyliipeajtnsf	1	10311	erpcbtwy	jtrqcddkfsodtsvkncljzepurjuetxqgtoefhy	10311	1	vyueoswmev	ucmqqbbuqk	wsonawweyqgtlrnzhkfrohitac	
37	175	2268	dpzuwzbntltjxtgzrkmvbufendekvjwlhxqpgizyfmnw	175	1	20	jxrjvicfsfewtqkrgdssorbylsfmnemnyliipeajtnsf	1	10311	erpcbtwy	jtrqcddkfsodtsvkncljzepurjuetxqgtoefhy	10311	1	vyueoswmev	ucmqqbbuqk	wsonawweyqgtlrnzhkfrohitac	
54	175	222	ppwyofejbhewhskcrmiajuwzipvcnmlljkvvkksmgqwk	175	1	20	jxrjvicfsfewtqkrgdssorbylsfmnemnyliipeajtnsf	1	10311	erpcbtwy	jtrqcddkfsodtsvkncljzepurjuetxqgtoefhy	10311	1	vyueoswmev	ucmqqbbuqk	wsonawweyqgtlrnzhkfrohitac	
106	30	2349	tqczvxkebmphexccnwhnhlpbyfhldvnadzibyttposfd	30	81	25	emqqsxrmftlkwhknrjqadvcaundsyyggzjyhftkxqjut	81	5779	ahmmppsr	utvlfbgoswrcegxsiirnchdtcmhoyqpheofjqu	5779	1	urynhtkcpn	vueriyoamw	nzcttekbyircqkfbsemnkbqloi	
41	30	1950	ruobrbrhyxhcodjilhyuxxcnwluovghynjzaxkzelbcv	30	81	25	emqqsxrmftlkwhknrjqadvcaundsyyggzjyhftkxqjut	81	5779	ahmmppsr	utvlfbgoswrcegxsiirnchdtcmhoyqpheofjqu	5779	1	urynhtkcpn	vueriyoamw	nzcttekbyircqkfbsemnkbqloi	
165	181	2356	gowdjfgrgczazddjuwqstulfebawxaxiwrudyurtqzov	181	100	31	rlpizczawwliqkgirauiwlelkdsleicuipdfhzvkkmtu	100	7622	kjvyjjkb	bmmzsegskaoujlpkqdbhjwnjjicidetjolsddr	7622	0	pdvgaimzkx	ovkcarbpun	dhxrypirrhgissytqupruszstg	
195	139	84	piktnvbmguanzzlbiszwbbwrxwrpcdnllsjwjfdeqrid	139	72	2	kcmrdkxvuppyassnvrrdtvmzlevjaasgclxrjsjujyfs	72	7437	qdrzcqrr	qdktzhromeacsaitejuqlovzfbibcglexvtvza	7437	0	eaawddfoau	zzvorcfvzn	zfagnsychkbykcwkqmisizuyoe	
80	139	562	jamdfziwifkaqhmjwnipvbmhuapinqujzqpmmnaornwv	139	72	2	kcmrdkxvuppyassnvrrdtvmzlevjaasgclxrjsjujyfs	72	7437	qdrzcqrr	qdktzhromeacsaitejuqlovzfbibcglexvtvza	7437	0	eaawddfoau	zzvorcfvzn	zfagnsychkbykcwkqmisizuyoe	
167	97	1641	ogogfqcopbkbkjanxbjktnonyuyzwjjqejrjoyysjuwr	97	176	3	xxcraijgphunoyazgfzseqypwdsyzoklhevhcrystpzb	176	3518	qfjlszpz	nlhnwxjagwxzmrwulyxfqgtndpdhisrrxaudcg	3518	0	ofllucnygu	yprhmkhifr	hwgsvaerhuafiqdcgfngcthqpx	
157	97	679	swljxpngqttmajdcqqvukzwoyisqxsnkpjqodvuvchqd	97	176	3	xxcraijgphunoyazgfzseqypwdsyzoklhevhcrystpzb	176	3518	qfjlszpz	nlhnwxjagwxzmrwulyxfqgtndpdhisrrxaudcg	3518	0	ofllucnygu	yprhmkhifr	hwgsvaerhuafiqdcgfngcthqpx	
84	14	1091	ysiezchdzescfbrvvzltowofneecbmetnzlfxpldqqhr	14	161	37	rytdvqxwoownndszyggqvubwdelqjgigwazuctxmvuha	161	8975	fujitxgp	pmynzalfjqulitzcnnhkjlcgfuintaybbbyulp	8975	1	qiezdpefdt	eqgqdmgmzu	nueobtxnfvsxpuxunkphfurvbl	
123	167	742	zdchbyhgqavsfhzzqfwsdagleipluvnrfctbufkhihsg	167	62	46	jftrvksmpflqevlcfprhahiippdssswwzkkezqixsubk	62	3136	kxmsjrng	rjmpvkosvmapsujrqkldhjqkkojvvsssctkbtd	3136	0	xipowccmju	xkbrfawvjf	nfcyssrqokfgevonglmnfwthfa	
31	157	1062	zajvbefomzglcuzzrdggnoykeuazzfwkcnqzibzvapym	157	168	7	csixtqwnbaqdncwkvnenwrezcexxxlqjfyxfkkmrozxr	168	11625	grqvujzg	jnwheytwimhrqxywobcpdobbnyvpduwvufyzbc	11625	0	scglnlwejs	akbjjspdzc	nmlpmqnmemdvqpcgsvdkofrcnh	
7	157	1119	bxdxyxsbaslaklyamswzlgdbaewrnqruoirgsopgixve	157	168	7	csixtqwnbaqdncwkvnenwrezcexxxlqjfyxfkkmrozxr	168	11625	grqvujzg	jnwheytwimhrqxywobcpdobbnyvpduwvufyzbc	11625	0	scglnlwejs	akbjjspdzc	nmlpmqnmemdvqpcgsvdkofrcnh	
2	40	653	wqpvvuvmyfbujdykytoejprafwvzvdabqcrmhvrbagwy	40	160	32	rsfcpslwbomotwtktmbjutgolfmyiyivqcprjfnzbduw	160	959	iftorgya	nkclgbrgdwulyohpndbdpwasuspnqvocvtpglm	959	0	pcidphwwej	euinyzfhsq	iwwfitkcyplugdjeodgpozzunv	
111	58	68	arktheqlamztnegglehiixlgxpwcondodejnzvrnbcxs	58	56	23	itywxvnleikalxjcugdmldfnqsnzgxzeqsqfxmaqqely	56	13485	cdrlnvdg	impkaxphhkbkbyloucgoopwyubdlaqjmlmxynl	13485	1	wdgqsoxler	gtjujetyuh	pxodbtstjvgvbudvajgpaghdnq	
122	58	1696	jsadtrmjdadvactshpbflbgxkaykqrtgmyawkjdzgpzd	58	56	23	itywxvnleikalxjcugdmldfnqsnzgxzeqsqfxmaqqely	56	13485	cdrlnvdg	impkaxphhkbkbyloucgoopwyubdlaqjmlmxynl	13485	1	wdgqsoxler	gtjujetyuh	pxodbtstjvgvbudvajgpaghdnq	
22	53	600	zyydahdnbgrzscfuxlauaavzbasuodofofannbvzkjxw	53	168	2	ttbpwenoqatjhqacdzgtlznoikixmyuhhqdzhpnhasxw	168	11625	grqvujzg	jnwheytwimhrqxywobcpdobbnyvpduwvufyzbc	11625	0	scglnlwejs	akbjjspdzc	nmlpmqnmemdvqpcgsvdkofrcnh	
105	53	1450	wkljhdfoexhedbfxqyabjzlohxgdukreylljgdlxzrjl	53	168	2	ttbpwenoqatjhqacdzgtlznoikixmyuhhqdzhpnhasxw	168	11625	grqvujzg	jnwheytwimhrqxywobcpdobbnyvpduwvufyzbc	11625	0	scglnlwejs	akbjjspdzc	nmlpmqnmemdvqpcgsvdkofrcnh	
72	138	1208	rhyoqwmwegidqyoabrxmlniueyspiqwjtkwvecxdohda	138	168	29	ouemvszklmbuheknbydkglcbtrppmcwhavhlwftnahux	168	11625	grqvujzg	jnwheytwimhrqxywobcpdobbnyvpduwvufyzbc	11625	0	scglnlwejs	akbjjspdzc	nmlpmqnmemdvqpcgsvdkofrcnh	
6	179	2251	fpnpiazbufyoyextmgdooveglczrfwhzgyjudjqjpomr	179	199	23	brrzqcycnzivhnymzqirckqcmbulktkbzghfaequmlut	199	2758	hvbfapeh	opltyexdxvnxbnnrkwpuaqomstscqjlnhfzqpc	2758	1	fltggewhzr	oaogldguhg	ewgedqdetirqfpicttttuzuxbp	
35	172	759	frngpsianrjzptvlybjpgqzuqejeehjnkufltsnhjsdg	172	59	37	srjgegefsivbcvlofoxdqtgiexlfalusjdneqndyczjk	59	6918	urnoygqd	yzcmrknvqzbidsbkvmbbvpvoedbuocoaxuezzp	6918	1	gxltynyeyg	mqcapcrrrj	mwaapbjokfqcnybgqfehrrixbe	
175	115	1720	asssjxiknhqjoocrhdvbtlrprpwmkflezlvonjmupexd	115	127	18	hbsqoidzdpyeynujxzsgnhihlydtqjwhwiobmsygmney	127	7383	jupdpkqo	osaubnghbmctalazcukwfsdgscuiepnulqdvif	7383	1	oorlvlpezt	asbvwopfpm	izwsijgfawxjrotjohvrynizxs	
169	156	366	pkiddxzakhfouvknlwygqfwwwfsspjepopcffapnopwc	156	155	28	gzanqfjtgdugbfpllhijsgikokwvufswfhevowtkoawn	155	4475	ftmafoqd	zbmqxxwocjxebixxxxumrhhfvwadsgpikuoyon	4475	1	lvjfkexckd	ljxptqbpch	gngmfohlnvwmvcjqkkckjqqxqp	
185	68	2317	cdxyfmqzvmeeyblupsehpzkceltrmhtymihyspepolna	68	3	23	reuzzeonqfnyerizkosqdlqormayizbgdvzoryzodjtc	3	7116	zxesambm	obbbasnargoaqjaylnkiespkujpdggwzozhpxy	7116	0	zhmvdolfvs	nubramujem	kcoongvuvzpnhdozwkznbprlwx	
155	68	2422	iolfjybtnyspbmaagkfavjatfgxlsfuqsmfxzvlbzqyo	68	3	23	reuzzeonqfnyerizkosqdlqormayizbgdvzoryzodjtc	3	7116	zxesambm	obbbasnargoaqjaylnkiespkujpdggwzozhpxy	7116	0	zhmvdolfvs	nubramujem	kcoongvuvzpnhdozwkznbprlwx	
0	184	1009	dlzhwpdhwrhdjbvdgzljvteasyqjvlzwsyxkqebcvcld	184	3	10	djcyqaebbmlhrsoiimxddvezxjpppmymdaytrgnwrjmv	3	7116	zxesambm	obbbasnargoaqjaylnkiespkujpdggwzozhpxy	7116	0	zhmvdolfvs	nubramujem	kcoongvuvzpnhdozwkznbprlwx	
107	150	585	veqcgtovwhwhaawbixrizcllzonaqpwfmcynllflmhbb	150	148	17	tfcrkvlgeoxqvzyszfwjkcfdnhwwcvwciobvathapihj	148	12465	jouglpzf	zbtoxbhxzsbrgozxhwewmlbisjwdhllnquipls	12465	0	nrixexwcxk	rlmmlfzwkg	qzccoupggkostbwxkvwnohihsl	
139	96	1059	ewmbvdubqzkcqjfsvhxuawyeafkjxpfuyjjohochgxyj	96	107	32	iadxsthbowjdmwimejkajbeijrsesfbmshfaogtrbcqc	107	6710	zoqvhiia	ybfboihtqwhqczesgbxtnwrocghpktdnpqlinl	6710	0	ssilfhwazg	jmmyuzswyw	mileyviyjokemfkxhltmzxlwwk	
120	109	1332	ccmcvelzjaelignfiinvwrhygrxcfltwgfnwzuxyycej	109	67	18	ndllfhttodfkgbzqzcsktunwoxtvwqyerwmbtczlvbch	67	4062	yejfhfpr	ddhjhbmzcnugcsdquypubdpohtzobgthnyfekg	4062	1	thwyzhhiwb	wjchruslgk	lvzwzsrguxcneilmglfzqzgwxi	
44	109	2383	asdbnpqvpbengvsffqdgwgnxaoqvcmrsavwwvagawioe	109	67	18	ndllfhttodfkgbzqzcsktunwoxtvwqyerwmbtczlvbch	67	4062	yejfhfpr	ddhjhbmzcnugcsdquypubdpohtzobgthnyfekg	4062	1	thwyzhhiwb	wjchruslgk	lvzwzsrguxcneilmglfzqzgwxi	
108	109	1367	vcnxwylfhzcpujeoivshlowkgupazsngnjgjkiaywurc	109	67	18	ndllfhttodfkgbzqzcsktunwoxtvwqyerwmbtczlvbch	67	4062	yejfhfpr	ddhjhbmzcnugcsdquypubdpohtzobgthnyfekg	4062	1	thwyzhhiwb	wjchruslgk	lvzwzsrguxcneilmglfzqzgwxi	
63	160	691	rbiiknquzrmyhomxeoppwgflubrkcxgndmmaestvcmvc	160	96	31	ghqiwwceozggbxxpehcxcpmdkdycvxrgqvtkwnvuuoad	96	5610	owhmtkdx	kiawyraxzjcsvajiujrllzvlwyrkgydzprkrxb	5610	0	lkqzfdlhrv	smpsrefdwf	jhzdibcrwmfpyypklypenzrnog	
128	87	182	vhkrprktnoxwjzckydxlzxohefvzbmgvwvjvcgpjpnwp	87	176	23	hcumsofktklinbmzmnkgjqhvelcmsgtphhlmrqwnoyfo	176	3518	qfjlszpz	nlhnwxjagwxzmrwulyxfqgtndpdhisrrxaudcg	3518	0	ofllucnygu	yprhmkhifr	hwgsvaerhuafiqdcgfngcthqpx	
58	129	323	acnhdowadixnnhcznqbznjicpoppsjnnclclxuwbxgdh	129	48	9	euovqdsfvdvmihkmkfhgglspsgifaztkhapsmpotoynr	48	6217	ofqfpkur	peazlalijvgizhyjnpgweaqjwofsurskmirelk	6217	0	nmjqpozpxz	yrlocsruru	ewhnbvbcfpwqjdnsiwzfbpuqds	
1	133	300	iuizehsuoebhxnsfucqcssvjtahzgsmarvgiacgjqmow	133	48	35	mszrvjoqncotixbzwgqvkxawtgxynzbzigzaqmqhqajh	48	6217	ofqfpkur	peazlalijvgizhyjnpgweaqjwofsurskmirelk	6217	0	nmjqpozpxz	yrlocsruru	ewhnbvbcfpwqjdnsiwzfbpuqds	
173	34	2310	aqgbgwspqypybqfovmpfswhteffefglolkljhnzbhvrd	34	16	40	fpjatsdppfcmfbenwwakamxusuoiojqbozuztbqgthxa	16	14062	snkqomao	smakkiwvojukynpdhiycbpztbexgyfhiecmhoc	14062	1	mfogvdhqpo	vbralmlncp	vejolisxrkjmbaizrchufpjgkf	
4	34	841	ueraskpuceymxcvjjcsnvbsnydtzabjdqmgmeiyuyhhr	34	16	40	fpjatsdppfcmfbenwwakamxusuoiojqbozuztbqgthxa	16	14062	snkqomao	smakkiwvojukynpdhiycbpztbexgyfhiecmhoc	14062	1	mfogvdhqpo	vbralmlncp	vejolisxrkjmbaizrchufpjgkf	
118	26	2315	mhptqtbrnohlbtzuoqqgueqmhotzukjdyezesmdnbyrj	26	199	27	vusfmnlfgvueuzuowgumaijjglsbfgwysygplrixncdb	199	2758	hvbfapeh	opltyexdxvnxbnnrkwpuaqomstscqjlnhfzqpc	2758	1	fltggewhzr	oaogldguhg	ewgedqdetirqfpicttttuzuxbp	
50	18	1217	orqpaknorunitlcqbikpqxhozdxvikjgfcwcmikyhfxl	18	80	30	qnsrwaswlinjklyymydukavmtisbbsaudxbedjxxfzga	80	1615	oduujreg	dnohbyhzodxtdcurgeqjvjwllwzovglnzccxqa	1615	0	apubgkbzjc	trslvhukxe	ammckdnlzlqmfkdvuzrfnuryhx	
85	48	2232	kbgwfhyzwqtwuttnmhwegvniecyvjqgnxqjcxugzijyt	48	57	5	ctvdqmjroqkrlvkhdopoztefriafoagmsnstmdminjuc	57	1902	phimuemb	gibuqkozaaynmwbeqohinmkwulpisseutwsrun	1902	1	zqbbqkmyio	fvycqwfhdi	snmooehptaymzzogkvvrcjbkqd	
127	182	1779	ejdckdkxuovvdojtcfkdebtgdjrxybgfubymhhyelguh	182	157	23	yvhuzwcnwiwngnkiczihyjbdfuzlwzqguwfyzwcnkzak	157	9991	bohwtnge	joxhbrrqeobdykvoaqqnqkqttrqvgzibjhgpai	9991	0	nfchebctjq	bgnolaalri	dvibumvkoiepbmrsvzzlfrbksa	
28	12	2256	ngmafjpqssnabaisctwdgegqxdkontbcstbwuojuwmqn	12	188	21	fzsrntumrkrgkktmajwufuvorpdynzuwmodjjztbrqpd	188	2816	roznoatl	pnlkapraptahhtgrepqaezvtntdqvxcclvwzuc	2816	0	ancginvrxm	ykveazzpcn	gbyavtudcnusansprjwyidxmuj	
114	3	1671	uodmabzkqgwkvgibnudlmgoyiuvlberzscoozydslnoj	3	95	46	gruqjjujgrmxbwkifxxxndxzlifumzjfkdrxacomqudq	95	13569	tplqsjse	zpmcutxwyjhsixwdbowcorwueiqcbkgszchlia	13569	0	eixfdduhbd	hivrrxsuhc	pwwdnzhbpsvumghqdtzvlwhtau	
174	3	1129	bnoliknkqbijahzdvjvoqimcbkgzlzylwmcjftuanyvf	3	95	46	gruqjjujgrmxbwkifxxxndxzlifumzjfkdrxacomqudq	95	13569	tplqsjse	zpmcutxwyjhsixwdbowcorwueiqcbkgszchlia	13569	0	eixfdduhbd	hivrrxsuhc	pwwdnzhbpsvumghqdtzvlwhtau	
71	81	1935	dqrzsovsqapjausnyrlykplwyxazlskdguqybmdrayhy	81	135	11	ipaqgbhskeufgxjmetobbfsdfsdhgpoiutsllqjurcow	135	11269	cijgdulp	apljsvszfeorffywrcorjngbbsmrjmucqhojfm	11269	0	fsfiblahri	emjjcqtnik	tfjbaciqpdrsdcsniltesijvhs	
16	136	1224	swnlhviwarwmliqjrdrhyreojptqnoqiwnvtzknallss	136	21	4	xszicsiojbgcgnwdkgdwnqhqllgurwrrepbwwrzyzlbg	21	13023	gtplufqu	ogycfzvjapufbyhxzjlnrofonopfxiydkexrnq	13023	1	fmqqqcopqw	ubwbyrdjvj	hkvzfnjccawoqujkdaqhwztang	
39	78	510	emyebklazaqueezcrzpryrndsdbhhbluubokxfkukuqx	78	129	43	nikydprrosymztygcpesidqhpvggcfyeeavsjnyqrkil	129	1762	ugugijku	udwbmwjzqikhhvapkxmrlirfeyhvetjgzsoxbn	1762	1	hgtzwlvwvc	wmcfbjvbdb	ekmmpzijdbnogchgrkcddtvhfo	
68	30	2054	gtfgjclzmrjgipsgaywfdmghyodahahhshpcbmhmjpsw	30	81	25	emqqsxrmftlkwhknrjqadvcaundsyyggzjyhftkxqjut	81	5779	ahmmppsr	utvlfbgoswrcegxsiirnchdtcmhoyqpheofjqu	5779	1	urynhtkcpn	vueriyoamw	nzcttekbyircqkfbsemnkbqloi	
178	167	1450	zvbykyawntnbplgxijompimsxnvkmwjjyztnrlgmonxu	167	62	46	jftrvksmpflqevlcfprhahiippdssswwzkkezqixsubk	62	3136	kxmsjrng	rjmpvkosvmapsujrqkldhjqkkojvvsssctkbtd	3136	0	xipowccmju	xkbrfawvjf	nfcyssrqokfgevonglmnfwthfa	
77	97	789	jfawaffqmwrmukwjyaqhuwxuqcdmdowpnhdorluesmbu	97	176	3	xxcraijgphunoyazgfzseqypwdsyzoklhevhcrystpzb	176	3518	qfjlszpz	nlhnwxjagwxzmrwulyxfqgtndpdhisrrxaudcg	3518	0	ofllucnygu	yprhmkhifr	hwgsvaerhuafiqdcgfngcthqpx	
189	53	48	qzpgwqfcqtdarfqscqfxjcodilxpfohklhiosxiojukt	53	168	2	ttbpwenoqatjhqacdzgtlznoikixmyuhhqdzhpnhasxw	168	11625	grqvujzg	jnwheytwimhrqxywobcpdobbnyvpduwvufyzbc	11625	0	scglnlwejs	akbjjspdzc	nmlpmqnmemdvqpcgsvdkofrcnh	
38	138	2379	ignpnpjfsfyxisrrrfgmtayfymopwwyqlludjgwqeiqm	138	168	29	ouemvszklmbuheknbydkglcbtrppmcwhavhlwftnahux	168	11625	grqvujzg	jnwheytwimhrqxywobcpdobbnyvpduwvufyzbc	11625	0	scglnlwejs	akbjjspdzc	nmlpmqnmemdvqpcgsvdkofrcnh	
14	25	1500	dgootjxcpvnltmobstyvigudssmkingdvuodzwsgajuo	25	166	27	qtlhnujjesobyxbmqdpytsojdgzuiguqcsqbuvjvzycm	166	10759	fkgfqcyr	voxvyzzgwtilbrfimutzevkuynmznvubjsztay	10759	1	fvrhzbfqcf	nxexbjcgcf	qpqlscgiwqxyippjvydpdxxnfa	
180	36	1957	tsxigafbdfqyfgufsmlzojocuqpqyaemszngnecdnmwy	36	109	15	oukbvrquwvpkfnaysctkyyblnubsdmimmvaxtugvcggz	109	6435	gxvxxobn	fblrxsxipapmiluahifqdwvjlzklryqtzfkfqk	6435	1	tshjqfeagd	uqzgnvftnr	ghaxakzebhiifmsmlpagmdkpks	
78	172	591	ckdusqnakgmyptbmjcqewozjznlngdjoztsmlcdijswz	172	59	37	srjgegefsivbcvlofoxdqtgiexlfalusjdneqndyczjk	59	6918	urnoygqd	yzcmrknvqzbidsbkvmbbvpvoedbuocoaxuezzp	6918	1	gxltynyeyg	mqcapcrrrj	mwaapbjokfqcnybgqfehrrixbe	
13	35	1586	rohcnegpioxhpzpcbyxofxmkbdrzwzdmwnontpnffxcm	35	59	26	qinazwsgkabnkglduoyrwxbnzwlzkmdnkbgxtsycwtou	59	6918	urnoygqd	yzcmrknvqzbidsbkvmbbvpvoedbuocoaxuezzp	6918	1	gxltynyeyg	mqcapcrrrj	mwaapbjokfqcnybgqfehrrixbe	
17	147	1296	fypjwwttscyrlcyrlqbipmidnonzieqblqhykhsdgrtj	147	3	25	pkjeoerckwacdeltkwtculwtbtaqcrrxqjeqfgjektjh	3	7116	zxesambm	obbbasnargoaqjaylnkiespkujpdggwzozhpxy	7116	0	zhmvdolfvs	nubramujem	kcoongvuvzpnhdozwkznbprlwx	
146	150	1908	ofzmadjpenlduvthxwwwqkxjuxjpnjabfiumbvzljrbq	150	148	17	tfcrkvlgeoxqvzyszfwjkcfdnhwwcvwciobvathapihj	148	12465	jouglpzf	zbtoxbhxzsbrgozxhwewmlbisjwdhllnquipls	12465	0	nrixexwcxk	rlmmlfzwkg	qzccoupggkostbwxkvwnohihsl	
